<?xml version="1.0" encoding="UTF-8"?>
<!-- Generated by org.testng.reporters.JUnitXMLReporter -->
<testsuite ignored="0" hostname="SidTamburi" failures="1" tests="1" name="Test" time="2.356" errors="0" timestamp="2025-04-04T09:35:38 IST">
  <testcase classname="testCaseExecution.Testcase1" name="TC1" time="0.0">
    <failure type="org.testng.TestNGException" message="
Method public void testCaseExecution.Testcase1.TC1() requires a @DataProvider named : testdata">
      <![CDATA[org.testng.TestNGException: 
Method public void testCaseExecution.Testcase1.TC1() requires a @DataProvider named : testdata
at java.base/java.util.ArrayList.forEach(ArrayList.java:1597)
... Removed 24 stack frames]]>
    </failure>
  </testcase> <!-- TC1 -->
</testsuite> <!-- Test -->
